<?xml version="1.0" encoding="UTF-8"?>
<!-- Generated by org.testng.reporters.JUnitXMLReporter -->
<testsuite ignored="1" hostname="LAPTOP-BPCGH62E" failures="0" tests="1" name="Default test" time="21.615" errors="0" timestamp="2023-10-28T17:38:19 GMT-04:00">
  <testcase classname="test.AddProductToCartFromQuickViewTest" name="verifyIfMultipleProductIsAddedOnCart" time="15.417"/>
  <testcase classname="test.AddProductToCartFromQuickViewTest" name="verifyIfProductIsAddedOnCart" time="0.0">
    <ignored/>
  </testcase> <!-- verifyIfProductIsAddedOnCart -->
</testsuite> <!-- Default test -->
