<?xml version="1.0" encoding="UTF-8"?>
<testng-results ignored="0" total="1" passed="1" failed="0" skipped="0">
  <reporter-output>
  </reporter-output>
  <suite started-at="2023-10-28T17:37:57 GMT-04:00" name="Default suite" finished-at="2023-10-28T17:38:19 GMT-04:00" duration-ms="21615">
    <groups>
    </groups>
    <test started-at="2023-10-28T17:37:57 GMT-04:00" name="Default test" finished-at="2023-10-28T17:38:19 GMT-04:00" duration-ms="21615">
      <class name="test.AddProductToCartFromQuickViewTest">
        <test-method is-config="true" signature="openBrowser()[pri:0, instance:test.AddProductToCartFromQuickViewTest@74ea2410]" started-at="2023-10-28T17:37:57 GMT-04:00" name="openBrowser" finished-at="2023-10-28T17:38:04 GMT-04:00" duration-ms="6135" status="PASS">
          <reporter-output>
          </reporter-output>
        </test-method> <!-- openBrowser -->
        <test-method signature="verifyIfMultipleProductIsAddedOnCart()[pri:0, instance:test.AddProductToCartFromQuickViewTest@74ea2410]" started-at="2023-10-28T17:38:04 GMT-04:00" name="verifyIfMultipleProductIsAddedOnCart" finished-at="2023-10-28T17:38:19 GMT-04:00" duration-ms="15417" status="PASS">
          <reporter-output>
          </reporter-output>
        </test-method> <!-- verifyIfMultipleProductIsAddedOnCart -->
      </class> <!-- test.AddProductToCartFromQuickViewTest -->
    </test> <!-- Default test -->
  </suite> <!-- Default suite -->
</testng-results>
